[0.788s] Invoking command in '/home/victor/task_quatro/src/task_pekage': PYTHONPATH=/home/victor/task_quatro/build/task_pekage/prefix_override:/usr/lib/python3/dist-packages/colcon_core/task/python/colcon_distutils_commands:/home/victor/task_quatro/install/task_pekage/lib/python3.10/site-packages:${PYTHONPATH} /usr/bin/python3 -W ignore:setup.py install is deprecated setup.py egg_info --egg-base ../../build/task_pekage build --build-base /home/victor/task_quatro/build/task_pekage/build install --record /home/victor/task_quatro/build/task_pekage/install.log --single-version-externally-managed install_data
[1.029s] running egg_info
[1.030s] creating ../../build/task_pekage/task_pekage.egg-info
[1.030s] writing ../../build/task_pekage/task_pekage.egg-info/PKG-INFO
[1.031s] writing dependency_links to ../../build/task_pekage/task_pekage.egg-info/dependency_links.txt
[1.031s] writing entry points to ../../build/task_pekage/task_pekage.egg-info/entry_points.txt
[1.031s] writing requirements to ../../build/task_pekage/task_pekage.egg-info/requires.txt
[1.031s] writing top-level names to ../../build/task_pekage/task_pekage.egg-info/top_level.txt
[1.031s] writing manifest file '../../build/task_pekage/task_pekage.egg-info/SOURCES.txt'
[1.033s] reading manifest file '../../build/task_pekage/task_pekage.egg-info/SOURCES.txt'
[1.035s] writing manifest file '../../build/task_pekage/task_pekage.egg-info/SOURCES.txt'
[1.035s] running build
[1.035s] running build_py
[1.035s] creating /home/victor/task_quatro/build/task_pekage/build
[1.036s] creating /home/victor/task_quatro/build/task_pekage/build/lib
[1.036s] creating /home/victor/task_quatro/build/task_pekage/build/lib/task_pekage
[1.036s] copying task_pekage/cinematica.py -> /home/victor/task_quatro/build/task_pekage/build/lib/task_pekage
[1.036s] copying task_pekage/serial_node_arduino.py -> /home/victor/task_quatro/build/task_pekage/build/lib/task_pekage
[1.036s] copying task_pekage/__init__.py -> /home/victor/task_quatro/build/task_pekage/build/lib/task_pekage
[1.036s] running install
[1.037s] running install_lib
[1.037s] creating /home/victor/task_quatro/install/task_pekage/lib/python3.10/site-packages/task_pekage
[1.038s] copying /home/victor/task_quatro/build/task_pekage/build/lib/task_pekage/cinematica.py -> /home/victor/task_quatro/install/task_pekage/lib/python3.10/site-packages/task_pekage
[1.038s] copying /home/victor/task_quatro/build/task_pekage/build/lib/task_pekage/serial_node_arduino.py -> /home/victor/task_quatro/install/task_pekage/lib/python3.10/site-packages/task_pekage
[1.038s] copying /home/victor/task_quatro/build/task_pekage/build/lib/task_pekage/__init__.py -> /home/victor/task_quatro/install/task_pekage/lib/python3.10/site-packages/task_pekage
[1.039s] byte-compiling /home/victor/task_quatro/install/task_pekage/lib/python3.10/site-packages/task_pekage/cinematica.py to cinematica.cpython-310.pyc
[1.040s] byte-compiling /home/victor/task_quatro/install/task_pekage/lib/python3.10/site-packages/task_pekage/serial_node_arduino.py to serial_node_arduino.cpython-310.pyc
[1.041s] byte-compiling /home/victor/task_quatro/install/task_pekage/lib/python3.10/site-packages/task_pekage/__init__.py to __init__.cpython-310.pyc
[1.042s] running install_data
[1.042s] creating /home/victor/task_quatro/install/task_pekage/share/ament_index
[1.042s] creating /home/victor/task_quatro/install/task_pekage/share/ament_index/resource_index
[1.042s] creating /home/victor/task_quatro/install/task_pekage/share/ament_index/resource_index/packages
[1.042s] copying resource/task_pekage -> /home/victor/task_quatro/install/task_pekage/share/ament_index/resource_index/packages
[1.042s] copying package.xml -> /home/victor/task_quatro/install/task_pekage/share/task_pekage
[1.042s] running install_egg_info
[1.045s] Copying ../../build/task_pekage/task_pekage.egg-info to /home/victor/task_quatro/install/task_pekage/lib/python3.10/site-packages/task_pekage-0.0.0-py3.10.egg-info
[1.046s] running install_scripts
[1.065s] Installing cinematica script to /home/victor/task_quatro/install/task_pekage/lib/task_pekage
[1.065s] Installing serial_node_arduino script to /home/victor/task_quatro/install/task_pekage/lib/task_pekage
[1.066s] writing list of installed files to '/home/victor/task_quatro/build/task_pekage/install.log'
[1.085s] Invoked command in '/home/victor/task_quatro/src/task_pekage' returned '0': PYTHONPATH=/home/victor/task_quatro/build/task_pekage/prefix_override:/usr/lib/python3/dist-packages/colcon_core/task/python/colcon_distutils_commands:/home/victor/task_quatro/install/task_pekage/lib/python3.10/site-packages:${PYTHONPATH} /usr/bin/python3 -W ignore:setup.py install is deprecated setup.py egg_info --egg-base ../../build/task_pekage build --build-base /home/victor/task_quatro/build/task_pekage/build install --record /home/victor/task_quatro/build/task_pekage/install.log --single-version-externally-managed install_data
