running egg_info
writing ../build/task_pekage/task_pekage.egg-info/PKG-INFO
writing dependency_links to ../build/task_pekage/task_pekage.egg-info/dependency_links.txt
writing entry points to ../build/task_pekage/task_pekage.egg-info/entry_points.txt
writing requirements to ../build/task_pekage/task_pekage.egg-info/requires.txt
writing top-level names to ../build/task_pekage/task_pekage.egg-info/top_level.txt
reading manifest file '../build/task_pekage/task_pekage.egg-info/SOURCES.txt'
writing manifest file '../build/task_pekage/task_pekage.egg-info/SOURCES.txt'
running build
running build_py
running install
running install_lib
running install_data
running install_egg_info
removing '/home/victor/task_quatro/src/install/task_pekage/lib/python3.10/site-packages/task_pekage-0.0.0-py3.10.egg-info' (and everything under it)
Copying ../build/task_pekage/task_pekage.egg-info to /home/victor/task_quatro/src/install/task_pekage/lib/python3.10/site-packages/task_pekage-0.0.0-py3.10.egg-info
running install_scripts
Installing cinematica script to /home/victor/task_quatro/src/install/task_pekage/lib/task_pekage
Installing serial_node_arduino script to /home/victor/task_quatro/src/install/task_pekage/lib/task_pekage
writing list of installed files to '/home/victor/task_quatro/src/build/task_pekage/install.log'
