[0.185s] DEBUG:colcon:Command line arguments: ['/usr/bin/colcon', 'list', '-p', '--base-paths', '/home/victor/task_quatro']
[0.185s] DEBUG:colcon:Parsed command line arguments: Namespace(log_base=None, log_level=None, verb_name='list', build_base='build', ignore_user_meta=False, metas=['./colcon.meta'], base_paths=['/home/victor/task_quatro'], packages_ignore=None, packages_ignore_regex=None, paths=None, packages_up_to=None, packages_up_to_regex=None, packages_above=None, packages_above_and_dependencies=None, packages_above_depth=None, packages_select_by_dep=None, packages_skip_by_dep=None, packages_skip_up_to=None, packages_select_build_failed=False, packages_skip_build_finished=False, packages_select_test_failures=False, packages_skip_test_passed=False, packages_select=None, packages_skip=None, packages_select_regex=None, packages_skip_regex=None, packages_start=None, packages_end=None, allow_overriding=[], topological_order=False, names_only=False, paths_only=True, topological_graph=False, topological_graph_dot=False, topological_graph_density=False, topological_graph_legend=False, topological_graph_dot_cluster=False, topological_graph_dot_include_skipped=False, verb_parser=<colcon_defaults.argument_parser.defaults.DefaultArgumentsDecorator object at 0x7106f634e020>, verb_extension=<colcon_package_information.verb.list.ListVerb object at 0x7106f634d090>, main=<bound method ListVerb.main of <colcon_package_information.verb.list.ListVerb object at 0x7106f634d090>>)
[0.590s] Level 1:colcon.colcon_core.package_discovery:discover_packages(colcon_meta) check parameters
[0.590s] Level 1:colcon.colcon_core.package_discovery:discover_packages(recursive) check parameters
[0.590s] Level 1:colcon.colcon_core.package_discovery:discover_packages(ignore) check parameters
[0.590s] Level 1:colcon.colcon_core.package_discovery:discover_packages(path) check parameters
[0.590s] Level 1:colcon.colcon_core.package_discovery:discover_packages(recursive) discover
[0.591s] INFO:colcon.colcon_core.package_discovery:Crawling recursively for packages in '/home/victor/task_quatro'
[0.591s] Level 1:colcon.colcon_core.package_identification:_identify(/home/victor/task_quatro) by extensions ['ignore', 'ignore_ament_install']
[0.591s] Level 1:colcon.colcon_core.package_identification:_identify(/home/victor/task_quatro) by extension 'ignore'
[0.591s] Level 1:colcon.colcon_core.package_identification:_identify(/home/victor/task_quatro) by extension 'ignore_ament_install'
[0.591s] Level 1:colcon.colcon_core.package_identification:_identify(/home/victor/task_quatro) by extensions ['colcon_pkg']
[0.591s] Level 1:colcon.colcon_core.package_identification:_identify(/home/victor/task_quatro) by extension 'colcon_pkg'
[0.591s] Level 1:colcon.colcon_core.package_identification:_identify(/home/victor/task_quatro) by extensions ['colcon_meta']
[0.592s] Level 1:colcon.colcon_core.package_identification:_identify(/home/victor/task_quatro) by extension 'colcon_meta'
[0.592s] Level 1:colcon.colcon_core.package_identification:_identify(/home/victor/task_quatro) by extensions ['ros']
[0.592s] Level 1:colcon.colcon_core.package_identification:_identify(/home/victor/task_quatro) by extension 'ros'
[0.620s] Level 1:colcon.colcon_core.package_identification:_identify(/home/victor/task_quatro) by extensions ['cmake', 'python']
[0.620s] Level 1:colcon.colcon_core.package_identification:_identify(/home/victor/task_quatro) by extension 'cmake'
[0.620s] Level 1:colcon.colcon_core.package_identification:_identify(/home/victor/task_quatro) by extension 'python'
[0.620s] Level 1:colcon.colcon_core.package_identification:_identify(/home/victor/task_quatro) by extensions ['python_setup_py']
[0.620s] Level 1:colcon.colcon_core.package_identification:_identify(/home/victor/task_quatro) by extension 'python_setup_py'
[0.620s] Level 1:colcon.colcon_core.package_identification:_identify(/home/victor/task_quatro/log) by extensions ['ignore', 'ignore_ament_install']
[0.621s] Level 1:colcon.colcon_core.package_identification:_identify(/home/victor/task_quatro/log) by extension 'ignore'
[0.621s] Level 1:colcon.colcon_core.package_identification:_identify(/home/victor/task_quatro/log) ignored
[0.621s] Level 1:colcon.colcon_core.package_identification:_identify(/home/victor/task_quatro/src) by extensions ['ignore', 'ignore_ament_install']
[0.621s] Level 1:colcon.colcon_core.package_identification:_identify(/home/victor/task_quatro/src) by extension 'ignore'
[0.621s] Level 1:colcon.colcon_core.package_identification:_identify(/home/victor/task_quatro/src) by extension 'ignore_ament_install'
[0.621s] Level 1:colcon.colcon_core.package_identification:_identify(/home/victor/task_quatro/src) by extensions ['colcon_pkg']
[0.621s] Level 1:colcon.colcon_core.package_identification:_identify(/home/victor/task_quatro/src) by extension 'colcon_pkg'
[0.622s] Level 1:colcon.colcon_core.package_identification:_identify(/home/victor/task_quatro/src) by extensions ['colcon_meta']
[0.622s] Level 1:colcon.colcon_core.package_identification:_identify(/home/victor/task_quatro/src) by extension 'colcon_meta'
[0.622s] Level 1:colcon.colcon_core.package_identification:_identify(/home/victor/task_quatro/src) by extensions ['ros']
[0.622s] Level 1:colcon.colcon_core.package_identification:_identify(/home/victor/task_quatro/src) by extension 'ros'
[0.622s] Level 1:colcon.colcon_core.package_identification:_identify(/home/victor/task_quatro/src) by extensions ['cmake', 'python']
[0.622s] Level 1:colcon.colcon_core.package_identification:_identify(/home/victor/task_quatro/src) by extension 'cmake'
[0.622s] Level 1:colcon.colcon_core.package_identification:_identify(/home/victor/task_quatro/src) by extension 'python'
[0.622s] Level 1:colcon.colcon_core.package_identification:_identify(/home/victor/task_quatro/src) by extensions ['python_setup_py']
[0.622s] Level 1:colcon.colcon_core.package_identification:_identify(/home/victor/task_quatro/src) by extension 'python_setup_py'
[0.623s] Level 1:colcon.colcon_core.package_identification:_identify(/home/victor/task_quatro/src/build) by extensions ['ignore', 'ignore_ament_install']
[0.623s] Level 1:colcon.colcon_core.package_identification:_identify(/home/victor/task_quatro/src/build) by extension 'ignore'
[0.623s] Level 1:colcon.colcon_core.package_identification:_identify(/home/victor/task_quatro/src/build) ignored
[0.623s] Level 1:colcon.colcon_core.package_identification:_identify(/home/victor/task_quatro/src/install) by extensions ['ignore', 'ignore_ament_install']
[0.623s] Level 1:colcon.colcon_core.package_identification:_identify(/home/victor/task_quatro/src/install) by extension 'ignore'
[0.623s] Level 1:colcon.colcon_core.package_identification:_identify(/home/victor/task_quatro/src/install) ignored
[0.624s] Level 1:colcon.colcon_core.package_identification:_identify(/home/victor/task_quatro/src/log) by extensions ['ignore', 'ignore_ament_install']
[0.624s] Level 1:colcon.colcon_core.package_identification:_identify(/home/victor/task_quatro/src/log) by extension 'ignore'
[0.624s] Level 1:colcon.colcon_core.package_identification:_identify(/home/victor/task_quatro/src/log) ignored
[0.624s] Level 1:colcon.colcon_core.package_identification:_identify(/home/victor/task_quatro/src/task_pekage) by extensions ['ignore', 'ignore_ament_install']
[0.625s] Level 1:colcon.colcon_core.package_identification:_identify(/home/victor/task_quatro/src/task_pekage) by extension 'ignore'
[0.625s] Level 1:colcon.colcon_core.package_identification:_identify(/home/victor/task_quatro/src/task_pekage) by extension 'ignore_ament_install'
[0.625s] Level 1:colcon.colcon_core.package_identification:_identify(/home/victor/task_quatro/src/task_pekage) by extensions ['colcon_pkg']
[0.625s] Level 1:colcon.colcon_core.package_identification:_identify(/home/victor/task_quatro/src/task_pekage) by extension 'colcon_pkg'
[0.625s] Level 1:colcon.colcon_core.package_identification:_identify(/home/victor/task_quatro/src/task_pekage) by extensions ['colcon_meta']
[0.625s] Level 1:colcon.colcon_core.package_identification:_identify(/home/victor/task_quatro/src/task_pekage) by extension 'colcon_meta'
[0.625s] Level 1:colcon.colcon_core.package_identification:_identify(/home/victor/task_quatro/src/task_pekage) by extensions ['ros']
[0.625s] Level 1:colcon.colcon_core.package_identification:_identify(/home/victor/task_quatro/src/task_pekage) by extension 'ros'
[0.631s] DEBUG:colcon.colcon_core.package_identification:Package '/home/victor/task_quatro/src/task_pekage' with type 'ros.ament_python' and name 'task_pekage'
[0.632s] Level 1:colcon.colcon_core.package_discovery:discover_packages(recursive) using defaults
